2026-01-03 17:49:07,408 - INFO - Starting webhook server...
2026-01-03 17:49:07,430 - INFO - [31m[1mWARNING: This is a development server. Do not use it in a production deployment. Use a production WSGI server instead.[0m
 * Running on http://127.0.0.1:9002
2026-01-03 17:49:07,430 - INFO - [33mPress CTRL+C to quit[0m
2026-01-03 17:49:16,746 - INFO - Telegram notification sent
2026-01-03 17:49:16,748 - INFO - 127.0.0.1 - - [03/Jan/2026 17:49:16] "GET /webhook/test HTTP/1.1" 200 -
2026-01-03 17:49:28,361 - INFO - 127.0.0.1 - - [03/Jan/2026 17:49:28] "GET /webhook/health HTTP/1.1" 200 -
2026-01-03 17:53:41,161 - INFO - Ignoring event: ping
2026-01-03 17:53:41,162 - INFO - 127.0.0.1 - - [03/Jan/2026 17:53:41] "POST /webhook HTTP/1.1" 200 -
2026-01-03 17:54:46,744 - INFO - Deploying commit: 41d22a2 by XelaG155
2026-01-03 17:54:46,947 - INFO - Telegram notification sent
2026-01-03 17:54:46,948 - INFO - Pulling latest code...
2026-01-03 17:54:49,060 - INFO - Telegram notification sent
2026-01-03 17:54:49,295 - INFO - Telegram notification sent
2026-01-03 17:54:49,297 - INFO - Stopping PM2 services...
2026-01-03 17:54:50,655 - INFO - Updating backend dependencies...
2026-01-03 17:54:50,871 - INFO - Telegram notification sent
2026-01-03 17:54:51,145 - INFO - Telegram notification sent
2026-01-03 17:54:51,146 - ERROR - Deployment failed: git pull: OK
pip install: FAILED
2026-01-03 17:54:51,147 - INFO - 127.0.0.1 - - [03/Jan/2026 17:54:51] "[35m[1mPOST /webhook HTTP/1.1[0m" 500 -
2026-01-03 18:00:14,506 - INFO - Starting webhook server...
2026-01-03 18:00:14,513 - INFO - [31m[1mWARNING: This is a development server. Do not use it in a production deployment. Use a production WSGI server instead.[0m
 * Running on http://127.0.0.1:9002
2026-01-03 18:00:14,513 - INFO - [33mPress CTRL+C to quit[0m
2026-01-03 18:02:35,170 - INFO - Deploying commit: 60afb17 by XelaG155
2026-01-03 18:02:35,384 - INFO - Telegram notification sent
2026-01-03 18:02:35,385 - INFO - Pulling latest code...
2026-01-03 18:02:37,336 - INFO - Telegram notification sent
2026-01-03 18:02:37,545 - INFO - Telegram notification sent
2026-01-03 18:02:37,547 - INFO - Stopping PM2 services...
2026-01-03 18:02:38,838 - INFO - Updating backend dependencies...
2026-01-03 18:02:49,025 - INFO - Running database migrations...
2026-01-03 18:02:49,770 - INFO - Building frontend...
2026-01-03 18:03:20,780 - INFO - Telegram notification sent
2026-01-03 18:03:20,782 - INFO - Restarting PM2 services...
2026-01-03 18:03:27,651 - INFO - Telegram notification sent
2026-01-03 18:03:27,652 - INFO - Deployment successful!
2026-01-03 18:03:27,653 - INFO - 127.0.0.1 - - [03/Jan/2026 18:03:27] "POST /webhook HTTP/1.1" 200 -
2026-01-03 18:44:32,495 - INFO - Deploying commit: 2b3d145 by XelaG155
2026-01-03 18:44:32,758 - INFO - Telegram notification sent
2026-01-03 18:44:32,759 - INFO - Pulling latest code...
2026-01-03 18:44:34,513 - INFO - Telegram notification sent
2026-01-03 18:44:34,716 - INFO - Telegram notification sent
2026-01-03 18:44:34,717 - INFO - Stopping PM2 services...
2026-01-03 18:44:36,663 - INFO - Updating backend dependencies...
2026-01-03 18:44:38,794 - INFO - Running database migrations...
2026-01-03 18:44:39,353 - INFO - Building frontend...
2026-01-03 18:45:01,471 - INFO - Telegram notification sent
2026-01-03 18:45:01,474 - INFO - Restarting PM2 services...
2026-01-03 18:45:07,446 - INFO - Telegram notification sent
2026-01-03 18:45:07,447 - INFO - Deployment successful!
2026-01-03 18:45:07,448 - INFO - 127.0.0.1 - - [03/Jan/2026 18:45:07] "POST /webhook HTTP/1.1" 200 -
2026-01-03 20:09:58,170 - INFO - Starting webhook server...
2026-01-03 20:09:58,174 - INFO - [31m[1mWARNING: This is a development server. Do not use it in a production deployment. Use a production WSGI server instead.[0m
 * Running on http://127.0.0.1:9002
2026-01-03 20:09:58,174 - INFO - [33mPress CTRL+C to quit[0m
2026-01-03 20:10:02,336 - INFO - Starting webhook server...
2026-01-03 20:10:07,838 - INFO - Starting webhook server...
2026-01-03 20:10:13,343 - INFO - Starting webhook server...
2026-01-03 20:10:18,832 - INFO - Starting webhook server...
2026-01-03 20:10:24,352 - INFO - Starting webhook server...
2026-01-03 20:10:29,842 - INFO - Starting webhook server...
2026-01-03 20:10:35,337 - INFO - Starting webhook server...
2026-01-03 20:10:40,843 - INFO - Starting webhook server...
2026-01-03 20:10:46,333 - INFO - Starting webhook server...
2026-01-03 20:10:51,836 - INFO - Starting webhook server...
2026-01-03 20:10:57,349 - INFO - Starting webhook server...
2026-01-03 20:11:02,835 - INFO - Starting webhook server...
2026-01-03 20:11:08,335 - INFO - Starting webhook server...
2026-01-03 20:11:13,846 - INFO - Starting webhook server...
2026-01-03 20:11:19,290 - INFO - Starting webhook server...
2026-01-03 20:11:24,590 - INFO - Starting webhook server...
2026-01-03 20:11:30,089 - INFO - Starting webhook server...
2026-01-03 20:11:35,589 - INFO - Starting webhook server...
2026-01-03 20:11:41,085 - INFO - Starting webhook server...
2026-01-03 20:11:46,580 - INFO - Starting webhook server...
2026-01-03 20:11:52,095 - INFO - Starting webhook server...
2026-01-03 20:11:57,595 - INFO - Starting webhook server...
2026-01-03 20:12:03,110 - INFO - Starting webhook server...
2026-01-03 20:12:08,600 - INFO - Starting webhook server...
2026-01-03 20:12:14,098 - INFO - Starting webhook server...
2026-01-03 20:12:19,623 - INFO - Starting webhook server...
2026-01-03 20:12:25,117 - INFO - Starting webhook server...
2026-01-03 20:12:30,616 - INFO - Starting webhook server...
2026-01-03 20:12:36,130 - INFO - Starting webhook server...
2026-01-03 20:12:41,605 - INFO - Starting webhook server...
2026-01-03 20:12:47,107 - INFO - Starting webhook server...
2026-01-03 20:12:52,611 - INFO - Starting webhook server...
2026-01-03 20:12:58,115 - INFO - Starting webhook server...
2026-01-03 20:13:03,614 - INFO - Starting webhook server...
2026-01-03 20:13:09,107 - INFO - Starting webhook server...
2026-01-03 20:13:14,621 - INFO - Starting webhook server...
2026-01-03 20:13:20,108 - INFO - Starting webhook server...
2026-01-03 20:13:25,599 - INFO - Starting webhook server...
2026-01-03 20:13:31,097 - INFO - Starting webhook server...
2026-01-03 20:13:36,593 - INFO - Starting webhook server...
2026-01-03 20:13:42,099 - INFO - Starting webhook server...
2026-01-03 20:13:47,604 - INFO - Starting webhook server...
2026-01-03 20:13:53,098 - INFO - Starting webhook server...
2026-01-03 20:13:58,620 - INFO - Starting webhook server...
2026-01-03 20:14:04,110 - INFO - Starting webhook server...
2026-01-03 20:14:09,606 - INFO - Starting webhook server...
2026-01-03 20:14:15,100 - INFO - Starting webhook server...
2026-01-03 20:14:20,600 - INFO - Starting webhook server...
2026-01-03 20:14:26,095 - INFO - Starting webhook server...
2026-01-03 20:14:31,601 - INFO - Starting webhook server...
2026-01-03 20:14:37,107 - INFO - Starting webhook server...
2026-01-03 20:14:42,599 - INFO - Starting webhook server...
2026-01-03 20:14:48,126 - INFO - Starting webhook server...
2026-01-03 20:14:53,604 - INFO - Starting webhook server...
2026-01-03 20:14:59,105 - INFO - Starting webhook server...
2026-01-03 20:15:04,608 - INFO - Starting webhook server...
2026-01-03 20:15:10,100 - INFO - Starting webhook server...
2026-01-03 20:15:15,604 - INFO - Starting webhook server...
2026-01-03 20:15:21,101 - INFO - Starting webhook server...
2026-01-03 20:15:26,597 - INFO - Starting webhook server...
2026-01-03 20:15:32,101 - INFO - Starting webhook server...
2026-01-03 20:15:37,599 - INFO - Starting webhook server...
2026-01-03 20:15:43,094 - INFO - Starting webhook server...
2026-01-03 20:15:48,615 - INFO - Starting webhook server...
2026-01-03 20:15:54,112 - INFO - Starting webhook server...
2026-01-03 20:15:59,616 - INFO - Starting webhook server...
2026-01-03 20:16:05,124 - INFO - Starting webhook server...
2026-01-03 20:16:10,617 - INFO - Starting webhook server...
2026-01-03 20:16:16,039 - INFO - Starting webhook server...
2026-01-03 20:16:21,631 - INFO - Starting webhook server...
2026-01-03 20:16:27,108 - INFO - Starting webhook server...
2026-01-03 20:16:32,604 - INFO - Starting webhook server...
2026-01-03 20:16:38,094 - INFO - Starting webhook server...
2026-01-03 20:16:43,674 - INFO - Starting webhook server...
2026-01-03 20:16:49,088 - INFO - Starting webhook server...
2026-01-03 20:16:54,604 - INFO - Starting webhook server...
2026-01-03 20:17:00,090 - INFO - Starting webhook server...
2026-01-03 20:17:05,622 - INFO - Starting webhook server...
2026-01-03 20:17:11,104 - INFO - Starting webhook server...
2026-01-03 20:17:16,603 - INFO - Starting webhook server...
2026-01-03 20:17:22,113 - INFO - Starting webhook server...
2026-01-03 20:17:27,610 - INFO - Starting webhook server...
2026-01-03 20:17:33,116 - INFO - Starting webhook server...
2026-01-03 20:17:38,617 - INFO - Starting webhook server...
2026-01-03 20:17:44,113 - INFO - Starting webhook server...
2026-01-03 20:17:49,634 - INFO - Starting webhook server...
2026-01-03 20:17:55,119 - INFO - Starting webhook server...
2026-01-03 20:18:00,614 - INFO - Starting webhook server...
2026-01-03 20:18:06,118 - INFO - Starting webhook server...
2026-01-03 20:18:11,589 - INFO - Starting webhook server...
2026-01-03 20:18:17,047 - INFO - Starting webhook server...
2026-01-03 20:18:22,618 - INFO - Starting webhook server...
2026-01-03 20:18:28,131 - INFO - Starting webhook server...
2026-01-03 20:18:33,613 - INFO - Starting webhook server...
2026-01-03 20:18:39,120 - INFO - Starting webhook server...
2026-01-03 20:18:44,622 - INFO - Starting webhook server...
2026-01-03 20:18:50,110 - INFO - Starting webhook server...
2026-01-03 20:18:55,607 - INFO - Starting webhook server...
2026-01-03 20:19:01,105 - INFO - Starting webhook server...
2026-01-03 20:19:06,603 - INFO - Starting webhook server...
2026-01-03 20:19:12,099 - INFO - Starting webhook server...
2026-01-03 20:19:17,443 - INFO - Starting webhook server...
2026-01-03 20:19:22,925 - INFO - Starting webhook server...
2026-01-03 20:19:28,367 - INFO - Starting webhook server...
2026-01-03 20:19:33,876 - INFO - Starting webhook server...
2026-01-03 20:19:39,361 - INFO - Starting webhook server...
2026-01-03 20:19:44,850 - INFO - Starting webhook server...
2026-01-03 20:19:50,351 - INFO - Starting webhook server...
2026-01-03 20:19:55,861 - INFO - Starting webhook server...
2026-01-03 20:20:01,348 - INFO - Starting webhook server...
2026-01-03 20:20:06,842 - INFO - Starting webhook server...
2026-01-03 20:20:12,352 - INFO - Starting webhook server...
2026-01-03 20:20:17,848 - INFO - Starting webhook server...
2026-01-03 20:20:23,354 - INFO - Starting webhook server...
2026-01-03 20:20:28,854 - INFO - Starting webhook server...
2026-01-03 20:20:34,344 - INFO - Starting webhook server...
2026-01-03 20:20:39,849 - INFO - Starting webhook server...
2026-01-03 20:20:45,349 - INFO - Starting webhook server...
2026-01-03 20:20:50,861 - INFO - Starting webhook server...
2026-01-03 20:20:56,365 - INFO - Starting webhook server...
2026-01-03 20:21:01,853 - INFO - Starting webhook server...
2026-01-03 20:21:07,354 - INFO - Starting webhook server...
2026-01-03 20:21:12,889 - INFO - Starting webhook server...
2026-01-03 20:21:18,370 - INFO - Starting webhook server...
2026-01-03 20:21:23,863 - INFO - Starting webhook server...
2026-01-03 20:21:29,366 - INFO - Starting webhook server...
2026-01-03 20:21:34,866 - INFO - Starting webhook server...
2026-01-03 20:21:40,368 - INFO - Starting webhook server...
2026-01-03 20:21:45,875 - INFO - Starting webhook server...
2026-01-03 20:21:51,356 - INFO - Starting webhook server...
2026-01-03 20:21:56,848 - INFO - Starting webhook server...
2026-01-03 20:22:02,204 - INFO - Starting webhook server...
2026-01-03 20:22:07,597 - INFO - Starting webhook server...
2026-01-03 20:22:13,097 - INFO - Starting webhook server...
2026-01-03 20:22:18,611 - INFO - Starting webhook server...
2026-01-03 20:22:24,125 - INFO - Starting webhook server...
2026-01-03 20:22:29,610 - INFO - Starting webhook server...
2026-01-03 20:22:35,110 - INFO - Starting webhook server...
2026-01-03 20:22:40,626 - INFO - Starting webhook server...
2026-01-03 20:22:46,124 - INFO - Starting webhook server...
2026-01-03 20:22:51,609 - INFO - Starting webhook server...
2026-01-03 20:22:57,118 - INFO - Starting webhook server...
2026-01-03 20:23:02,607 - INFO - Starting webhook server...
2026-01-03 20:23:08,114 - INFO - Starting webhook server...
2026-01-03 20:23:13,623 - INFO - Starting webhook server...
2026-01-03 20:23:19,101 - INFO - Starting webhook server...
2026-01-03 20:23:24,430 - INFO - Starting webhook server...
2026-01-03 20:23:29,873 - INFO - Starting webhook server...
2026-01-03 20:23:35,348 - INFO - Starting webhook server...
2026-01-03 20:23:40,857 - INFO - Starting webhook server...
2026-01-03 20:23:46,357 - INFO - Starting webhook server...
2026-01-03 20:23:51,854 - INFO - Starting webhook server...
2026-01-03 20:23:57,348 - INFO - Starting webhook server...
2026-01-03 20:24:02,844 - INFO - Starting webhook server...
2026-01-03 20:24:08,360 - INFO - Starting webhook server...
2026-01-03 20:24:13,850 - INFO - Starting webhook server...
2026-01-03 20:24:19,350 - INFO - Starting webhook server...
2026-01-03 20:24:24,851 - INFO - Starting webhook server...
2026-01-03 20:24:30,352 - INFO - Starting webhook server...
2026-01-03 20:24:35,855 - INFO - Starting webhook server...
2026-01-03 20:24:41,345 - INFO - Starting webhook server...
2026-01-03 20:24:46,971 - INFO - Starting webhook server...
2026-01-03 20:24:52,409 - INFO - Starting webhook server...
2026-01-03 20:24:57,849 - INFO - Starting webhook server...
2026-01-03 20:25:03,344 - INFO - Starting webhook server...
2026-01-03 20:25:08,846 - INFO - Starting webhook server...
2026-01-03 20:25:14,375 - INFO - Starting webhook server...
2026-01-03 20:25:19,872 - INFO - Starting webhook server...
2026-01-03 20:25:25,357 - INFO - Starting webhook server...
2026-01-03 20:25:30,849 - INFO - Starting webhook server...
2026-01-03 20:25:36,358 - INFO - Starting webhook server...
2026-01-03 20:25:41,837 - INFO - Starting webhook server...
2026-01-03 20:25:47,361 - INFO - Starting webhook server...
2026-01-03 20:25:52,851 - INFO - Starting webhook server...
2026-01-03 20:25:58,350 - INFO - Starting webhook server...
2026-01-03 20:26:03,850 - INFO - Starting webhook server...
2026-01-03 20:26:09,366 - INFO - Starting webhook server...
2026-01-03 20:26:14,815 - INFO - Starting webhook server...
2026-01-03 20:26:20,244 - INFO - Starting webhook server...
2026-01-03 20:26:25,612 - INFO - Starting webhook server...
2026-01-03 20:26:31,033 - INFO - Starting webhook server...
2026-01-03 20:26:36,344 - INFO - Starting webhook server...
2026-01-03 20:26:41,837 - INFO - Starting webhook server...
2026-01-03 20:26:47,354 - INFO - Starting webhook server...
2026-01-03 20:26:52,846 - INFO - Starting webhook server...
2026-01-03 20:26:58,357 - INFO - Starting webhook server...
2026-01-03 20:27:03,868 - INFO - Starting webhook server...
2026-01-03 20:27:09,344 - INFO - Starting webhook server...
2026-01-03 20:27:14,860 - INFO - Starting webhook server...
2026-01-03 20:27:20,364 - INFO - Starting webhook server...
2026-01-03 20:27:25,876 - INFO - Starting webhook server...
2026-01-03 20:27:31,196 - INFO - Starting webhook server...
2026-01-03 20:27:36,627 - INFO - Starting webhook server...
2026-01-03 20:27:42,112 - INFO - Starting webhook server...
2026-01-03 20:27:47,627 - INFO - Starting webhook server...
2026-01-03 20:27:53,100 - INFO - Starting webhook server...
2026-01-03 20:27:54,192 - WARNING - Invalid webhook signature
2026-01-03 20:27:54,193 - INFO - 127.0.0.1 - - [03/Jan/2026 20:27:54] "[31m[1mPOST /webhook HTTP/1.1[0m" 401 -
2026-01-03 20:27:58,602 - INFO - Starting webhook server...
2026-01-03 20:28:04,130 - INFO - Starting webhook server...
2026-01-03 20:28:09,654 - INFO - Starting webhook server...
2026-01-03 20:28:15,117 - INFO - Starting webhook server...
2026-01-03 20:28:20,618 - INFO - Starting webhook server...
2026-01-03 20:28:26,119 - INFO - Starting webhook server...
2026-01-03 20:28:31,614 - INFO - Starting webhook server...
2026-01-03 20:28:32,927 - WARNING - Invalid webhook signature
2026-01-03 20:28:32,928 - INFO - 127.0.0.1 - - [03/Jan/2026 20:28:32] "[31m[1mPOST /webhook HTTP/1.1[0m" 401 -
2026-01-03 20:28:37,121 - INFO - Starting webhook server...
2026-01-03 20:28:42,609 - INFO - Starting webhook server...
2026-01-03 20:28:48,123 - INFO - Starting webhook server...
2026-01-03 20:28:53,633 - INFO - Starting webhook server...
2026-01-03 20:28:59,214 - INFO - Starting webhook server...
2026-01-03 20:29:04,616 - INFO - Starting webhook server...
2026-01-03 20:29:10,110 - INFO - Starting webhook server...
2026-01-03 20:29:15,619 - INFO - Starting webhook server...
2026-01-03 20:29:21,116 - INFO - Starting webhook server...
2026-01-03 20:29:26,617 - INFO - Starting webhook server...
2026-01-03 20:29:32,124 - INFO - Starting webhook server...
2026-01-03 20:29:37,609 - INFO - Starting webhook server...
2026-01-03 20:29:43,108 - INFO - Starting webhook server...
2026-01-03 20:29:48,628 - INFO - Starting webhook server...
2026-01-03 20:29:54,120 - INFO - Starting webhook server...
2026-01-03 20:29:59,466 - INFO - Starting webhook server...
2026-01-03 20:30:04,851 - INFO - Starting webhook server...
2026-01-03 20:30:10,350 - INFO - Starting webhook server...
2026-01-03 20:30:15,852 - INFO - Starting webhook server...
2026-01-03 20:30:21,375 - INFO - Starting webhook server...
2026-01-03 20:30:26,871 - INFO - Starting webhook server...
2026-01-03 20:30:32,371 - INFO - Starting webhook server...
2026-01-03 20:30:37,980 - INFO - Starting webhook server...
2026-01-03 20:30:43,346 - INFO - Starting webhook server...
2026-01-03 20:30:48,845 - INFO - Starting webhook server...
2026-01-03 20:30:54,340 - INFO - Starting webhook server...
2026-01-03 20:30:59,870 - INFO - Starting webhook server...
2026-01-03 20:31:05,349 - INFO - Starting webhook server...
2026-01-03 20:31:10,865 - INFO - Starting webhook server...
2026-01-03 20:31:16,353 - INFO - Starting webhook server...
2026-01-03 20:31:21,855 - INFO - Starting webhook server...
2026-01-03 20:31:27,303 - INFO - Starting webhook server...
2026-01-03 20:31:32,853 - INFO - Starting webhook server...
2026-01-03 20:31:38,200 - INFO - Starting webhook server...
2026-01-03 20:31:43,600 - INFO - Starting webhook server...
2026-01-03 20:31:49,114 - INFO - Starting webhook server...
2026-01-03 20:31:54,595 - INFO - Starting webhook server...
2026-01-03 20:32:00,104 - INFO - Starting webhook server...
2026-01-03 20:32:05,598 - INFO - Starting webhook server...
2026-01-03 20:32:11,117 - INFO - Starting webhook server...
2026-01-03 20:32:16,607 - INFO - Starting webhook server...
2026-01-03 20:32:22,104 - INFO - Starting webhook server...
2026-01-03 20:32:27,598 - INFO - Starting webhook server...
2026-01-03 20:32:33,107 - INFO - Starting webhook server...
2026-01-03 20:32:38,601 - INFO - Starting webhook server...
2026-01-03 20:32:44,106 - INFO - Starting webhook server...
2026-01-03 20:32:49,484 - INFO - Starting webhook server...
2026-01-03 20:32:54,868 - INFO - Starting webhook server...
2026-01-03 20:33:00,355 - INFO - Starting webhook server...
2026-01-03 20:33:05,850 - INFO - Starting webhook server...
2026-01-03 20:33:11,369 - INFO - Starting webhook server...
2026-01-03 20:33:16,845 - INFO - Starting webhook server...
2026-01-03 20:33:22,345 - INFO - Starting webhook server...
2026-01-03 20:33:27,726 - INFO - Starting webhook server...
2026-01-03 20:33:33,098 - INFO - Starting webhook server...
2026-01-03 20:33:38,608 - INFO - Starting webhook server...
2026-01-03 20:33:44,121 - INFO - Starting webhook server...
2026-01-03 20:33:49,488 - INFO - Starting webhook server...
2026-01-03 20:33:50,939 - INFO - 127.0.0.1 - - [03/Jan/2026 20:33:50] "GET /webhook/health HTTP/1.1" 200 -
2026-01-03 20:33:54,852 - INFO - Starting webhook server...
2026-01-03 20:34:00,360 - INFO - Starting webhook server...
2026-01-03 20:34:00,460 - INFO - 127.0.0.1 - - [03/Jan/2026 20:34:00] "GET /webhook/health HTTP/1.1" 200 -
2026-01-03 20:34:05,851 - INFO - Starting webhook server...
2026-01-03 20:34:11,351 - INFO - Starting webhook server...
2026-01-03 20:34:16,033 - INFO - 127.0.0.1 - - [03/Jan/2026 20:34:16] "[33mPOST /webhook/webhook HTTP/1.1[0m" 404 -
2026-01-03 20:34:16,886 - INFO - Starting webhook server...
2026-01-03 20:34:22,360 - INFO - Starting webhook server...
2026-01-03 20:34:24,025 - WARNING - Invalid webhook signature
2026-01-03 20:34:24,026 - INFO - 127.0.0.1 - - [03/Jan/2026 20:34:24] "[31m[1mPOST /webhook HTTP/1.1[0m" 401 -
2026-01-03 20:34:25,577 - WARNING - Invalid webhook signature
2026-01-03 20:34:25,577 - INFO - 127.0.0.1 - - [03/Jan/2026 20:34:25] "[31m[1mPOST /webhook HTTP/1.1[0m" 401 -
2026-01-03 20:34:27,866 - INFO - Starting webhook server...
2026-01-03 20:34:33,357 - INFO - Starting webhook server...
2026-01-03 20:34:38,868 - INFO - Starting webhook server...
2026-01-03 20:34:44,362 - INFO - Starting webhook server...
2026-01-03 20:34:49,879 - INFO - Starting webhook server...
2026-01-03 20:34:55,359 - INFO - Starting webhook server...
2026-01-03 20:35:00,868 - INFO - Starting webhook server...
2026-01-03 20:35:06,355 - INFO - Starting webhook server...
2026-01-03 20:35:11,873 - INFO - Starting webhook server...
2026-01-03 20:35:17,367 - INFO - Starting webhook server...
2026-01-03 20:35:22,867 - INFO - Starting webhook server...
2026-01-03 20:35:28,355 - INFO - Starting webhook server...
2026-01-03 20:35:33,871 - INFO - Starting webhook server...
2026-01-03 20:35:39,392 - INFO - Starting webhook server...
2026-01-03 20:35:44,844 - INFO - Starting webhook server...
2026-01-03 20:35:50,350 - INFO - Starting webhook server...
2026-01-03 20:35:55,845 - INFO - Starting webhook server...
2026-01-03 20:36:01,363 - INFO - Starting webhook server...
2026-01-03 20:36:05,351 - WARNING - Invalid webhook signature
2026-01-03 20:36:05,352 - INFO - 127.0.0.1 - - [03/Jan/2026 20:36:05] "[31m[1mPOST /webhook HTTP/1.1[0m" 401 -
2026-01-03 20:36:06,835 - INFO - Starting webhook server...
2026-01-03 20:36:12,371 - INFO - Starting webhook server...
2026-01-03 20:36:17,855 - INFO - Starting webhook server...
2026-01-03 20:36:23,464 - INFO - Starting webhook server...
2026-01-03 20:36:28,854 - INFO - Starting webhook server...
2026-01-03 20:36:34,345 - INFO - Starting webhook server...
2026-01-03 20:36:39,848 - INFO - Starting webhook server...
2026-01-03 20:36:45,348 - INFO - Starting webhook server...
2026-01-03 20:36:50,867 - INFO - Starting webhook server...
2026-01-03 20:36:56,359 - INFO - Starting webhook server...
2026-01-03 20:37:01,820 - INFO - Starting webhook server...
2026-01-03 20:37:07,357 - INFO - Starting webhook server...
2026-01-03 20:37:12,859 - INFO - Starting webhook server...
2026-01-03 20:37:18,350 - INFO - Starting webhook server...
2026-01-03 20:37:23,856 - INFO - Starting webhook server...
2026-01-03 20:37:29,369 - INFO - Starting webhook server...
2026-01-03 20:37:34,870 - INFO - Starting webhook server...
2026-01-03 20:37:40,360 - INFO - Starting webhook server...
2026-01-03 20:37:45,856 - INFO - Starting webhook server...
2026-01-03 20:37:51,392 - INFO - Starting webhook server...
2026-01-03 20:37:56,855 - INFO - Starting webhook server...
2026-01-03 20:38:02,354 - INFO - Starting webhook server...
2026-01-03 20:38:07,860 - INFO - Starting webhook server...
2026-01-03 20:38:13,354 - INFO - Starting webhook server...
2026-01-03 20:38:18,795 - INFO - Starting webhook server...
2026-01-03 20:38:24,404 - INFO - Starting webhook server...
2026-01-03 20:38:24,407 - INFO - [31m[1mWARNING: This is a development server. Do not use it in a production deployment. Use a production WSGI server instead.[0m
 * Running on http://127.0.0.1:9002
2026-01-03 20:38:24,407 - INFO - [33mPress CTRL+C to quit[0m
2026-01-03 20:38:27,415 - INFO - Starting webhook server...
2026-01-03 20:38:36,188 - INFO - 127.0.0.1 - - [03/Jan/2026 20:38:36] "GET /webhook/health HTTP/1.1" 200 -
2026-01-03 20:38:57,849 - WARNING - Invalid webhook signature
2026-01-03 20:38:57,849 - INFO - 127.0.0.1 - - [03/Jan/2026 20:38:57] "[31m[1mPOST /webhook HTTP/1.1[0m" 401 -
2026-01-03 20:39:56,410 - INFO - Starting webhook server...
2026-01-03 20:39:56,413 - INFO - [31m[1mWARNING: This is a development server. Do not use it in a production deployment. Use a production WSGI server instead.[0m
 * Running on http://127.0.0.1:9002
2026-01-03 20:39:56,414 - INFO - [33mPress CTRL+C to quit[0m
2026-01-03 20:39:58,276 - INFO - 127.0.0.1 - - [03/Jan/2026 20:39:58] "GET /webhook/health HTTP/1.1" 200 -
2026-01-03 20:39:59,515 - INFO - Starting webhook server...
2026-01-03 20:40:04,834 - INFO - Starting webhook server...
2026-01-03 20:40:10,339 - INFO - Starting webhook server...
2026-01-03 20:40:15,843 - INFO - Starting webhook server...
2026-01-03 20:40:21,349 - INFO - Starting webhook server...
2026-01-03 20:40:26,850 - INFO - Starting webhook server...
2026-01-03 20:40:32,355 - INFO - Starting webhook server...
2026-01-03 20:40:34,718 - INFO - Deploying commit: cffa1d3 by XelaG155
2026-01-03 20:40:34,934 - INFO - Telegram notification sent
2026-01-03 20:40:34,936 - INFO - Pulling latest code...
2026-01-03 20:40:36,703 - INFO - Telegram notification sent
2026-01-03 20:40:36,947 - INFO - Telegram notification sent
2026-01-03 20:40:36,949 - INFO - Stopping PM2 services...
2026-01-03 20:40:37,870 - INFO - Starting webhook server...
2026-01-03 20:40:39,354 - INFO - Updating backend dependencies...
2026-01-03 20:40:42,134 - INFO - Running database migrations...
2026-01-03 20:40:42,937 - INFO - Building frontend...
2026-01-03 20:40:43,350 - INFO - Starting webhook server...
2026-01-03 20:40:45,976 - INFO - Deploying commit: 7ec3174 by XelaG155
2026-01-03 20:40:46,214 - INFO - Telegram notification sent
2026-01-03 20:40:46,216 - INFO - Pulling latest code...
2026-01-03 20:40:48,152 - INFO - Telegram notification sent
2026-01-03 20:40:48,361 - INFO - Telegram notification sent
2026-01-03 20:40:48,363 - INFO - Stopping PM2 services...
2026-01-03 20:40:48,789 - INFO - Updating backend dependencies...
2026-01-03 20:40:48,895 - INFO - Starting webhook server...
2026-01-03 20:40:50,983 - INFO - Running database migrations...
2026-01-03 20:40:51,946 - INFO - Building frontend...
2026-01-03 20:40:55,047 - INFO - Starting webhook server...
2026-01-03 20:40:57,312 - INFO - Telegram notification sent
2026-01-03 20:40:57,559 - INFO - Telegram notification sent
2026-01-03 20:40:57,560 - ERROR - Deployment failed: git pull: OK
pip install: OK
alembic: OK
npm build: FAILED
2026-01-03 20:40:57,561 - INFO - 127.0.0.1 - - [03/Jan/2026 20:40:57] "[35m[1mPOST /webhook HTTP/1.1[0m" 500 -
2026-01-03 20:41:00,885 - INFO - Starting webhook server...
2026-01-03 20:41:06,899 - INFO - Starting webhook server...
2026-01-03 20:41:11,604 - INFO - Telegram notification sent
2026-01-03 20:41:11,606 - INFO - Restarting PM2 services...
2026-01-03 20:41:12,338 - INFO - Starting webhook server...
2026-01-03 20:41:17,617 - INFO - Telegram notification sent
2026-01-03 20:41:17,618 - INFO - Deployment successful!
2026-01-03 20:41:17,619 - INFO - 127.0.0.1 - - [03/Jan/2026 20:41:17] "POST /webhook HTTP/1.1" 200 -
2026-01-03 20:41:17,833 - INFO - Starting webhook server...
2026-01-03 20:41:23,332 - INFO - Starting webhook server...
2026-01-03 20:41:28,830 - INFO - Starting webhook server...
2026-01-03 20:41:34,336 - INFO - Starting webhook server...
2026-01-03 20:41:39,831 - INFO - Starting webhook server...
2026-01-03 20:41:45,344 - INFO - Starting webhook server...
2026-01-03 20:41:50,843 - INFO - Starting webhook server...
2026-01-03 20:41:56,335 - INFO - Starting webhook server...
2026-01-03 20:42:01,833 - INFO - Starting webhook server...
2026-01-03 20:42:07,332 - INFO - Starting webhook server...
2026-01-03 20:42:12,834 - INFO - Starting webhook server...
2026-01-03 20:42:18,331 - INFO - Starting webhook server...
2026-01-03 20:42:23,834 - INFO - Starting webhook server...
2026-01-03 20:42:29,337 - INFO - Starting webhook server...
2026-01-03 20:42:34,829 - INFO - Starting webhook server...
2026-01-03 20:42:40,326 - INFO - Starting webhook server...
2026-01-03 20:42:45,906 - INFO - Starting webhook server...
2026-01-03 20:42:51,341 - INFO - Starting webhook server...
2026-01-03 20:42:56,856 - INFO - Starting webhook server...
2026-01-03 20:43:02,404 - INFO - Starting webhook server...
2026-01-03 20:43:07,843 - INFO - Starting webhook server...
2026-01-03 20:43:13,331 - INFO - Starting webhook server...
2026-01-03 20:43:18,836 - INFO - Starting webhook server...
2026-01-03 20:43:24,334 - INFO - Starting webhook server...
2026-01-03 20:43:29,832 - INFO - Starting webhook server...
2026-01-03 20:43:35,332 - INFO - Starting webhook server...
2026-01-03 20:43:40,835 - INFO - Starting webhook server...
2026-01-03 20:43:46,337 - INFO - Starting webhook server...
2026-01-03 20:43:51,830 - INFO - Starting webhook server...
2026-01-03 20:43:57,340 - INFO - Starting webhook server...
2026-01-03 20:44:02,839 - INFO - Starting webhook server...
2026-01-03 20:44:08,341 - INFO - Starting webhook server...
2026-01-03 20:44:13,843 - INFO - Starting webhook server...
2026-01-03 20:44:19,330 - INFO - Starting webhook server...
2026-01-03 20:44:24,836 - INFO - Starting webhook server...
2026-01-03 20:44:30,331 - INFO - Starting webhook server...
2026-01-03 20:44:35,832 - INFO - Starting webhook server...
2026-01-03 20:44:41,340 - INFO - Starting webhook server...
2026-01-03 20:44:46,853 - INFO - Starting webhook server...
2026-01-03 20:44:52,417 - INFO - Starting webhook server...
2026-01-03 20:44:57,831 - INFO - Starting webhook server...
2026-01-03 20:45:03,335 - INFO - Starting webhook server...
2026-01-03 20:45:08,830 - INFO - Starting webhook server...
2026-01-03 20:45:14,332 - INFO - Starting webhook server...
2026-01-03 20:45:19,841 - INFO - Starting webhook server...
2026-01-03 20:45:25,341 - INFO - Starting webhook server...
2026-01-03 20:45:30,837 - INFO - Starting webhook server...
2026-01-03 20:45:36,332 - INFO - Starting webhook server...
2026-01-03 20:45:41,831 - INFO - Starting webhook server...
2026-01-03 20:45:47,340 - INFO - Starting webhook server...
2026-01-03 20:45:52,836 - INFO - Starting webhook server...
2026-01-03 20:45:58,326 - INFO - Starting webhook server...
2026-01-03 20:46:03,836 - INFO - Starting webhook server...
2026-01-03 20:46:09,329 - INFO - Starting webhook server...
2026-01-03 20:46:14,828 - INFO - Starting webhook server...
2026-01-03 20:46:20,335 - INFO - Starting webhook server...
2026-01-03 20:46:25,831 - INFO - Starting webhook server...
2026-01-03 20:46:31,338 - INFO - Starting webhook server...
2026-01-03 20:46:36,830 - INFO - Starting webhook server...
2026-01-03 20:46:42,345 - INFO - Starting webhook server...
2026-01-03 20:46:47,834 - INFO - Starting webhook server...
2026-01-03 20:46:53,336 - INFO - Starting webhook server...
2026-01-03 20:46:58,833 - INFO - Starting webhook server...
2026-01-03 20:47:04,332 - INFO - Starting webhook server...
2026-01-03 20:47:09,629 - INFO - Starting webhook server...
2026-01-03 20:47:15,088 - INFO - Starting webhook server...
2026-01-03 20:47:20,582 - INFO - Starting webhook server...
2026-01-03 20:47:26,082 - INFO - Starting webhook server...
2026-01-03 20:47:31,589 - INFO - Starting webhook server...
2026-01-03 20:47:37,077 - INFO - Starting webhook server...
2026-01-03 20:47:42,577 - INFO - Starting webhook server...
2026-01-03 20:47:48,078 - INFO - Starting webhook server...
2026-01-03 20:47:53,585 - INFO - Starting webhook server...
2026-01-03 20:47:59,082 - INFO - Starting webhook server...
2026-01-03 20:48:04,421 - INFO - Starting webhook server...
2026-01-03 20:48:09,746 - INFO - Starting webhook server...
2026-01-03 20:48:15,083 - INFO - Starting webhook server...
2026-01-03 20:48:20,582 - INFO - Starting webhook server...
2026-01-03 20:48:26,080 - INFO - Starting webhook server...
2026-01-03 20:48:31,584 - INFO - Starting webhook server...
2026-01-03 20:48:37,099 - INFO - Starting webhook server...
2026-01-03 20:48:42,595 - INFO - Starting webhook server...
2026-01-03 20:48:48,083 - INFO - Starting webhook server...
2026-01-03 20:48:53,614 - INFO - Starting webhook server...
2026-01-03 20:48:59,099 - INFO - Starting webhook server...
2026-01-03 20:49:04,587 - INFO - Starting webhook server...
2026-01-03 20:49:06,783 - INFO - Starting webhook server...
2026-01-03 20:49:08,625 - INFO - 127.0.0.1 - - [03/Jan/2026 20:49:08] "GET /webhook/health HTTP/1.1" 200 -
2026-01-03 20:49:10,101 - INFO - Starting webhook server...
2026-01-03 20:49:15,600 - INFO - Starting webhook server...
2026-01-03 20:49:21,070 - INFO - Starting webhook server...
2026-01-03 20:49:26,587 - INFO - Starting webhook server...
2026-01-03 20:49:32,099 - INFO - Starting webhook server...
2026-01-03 20:49:37,608 - INFO - Starting webhook server...
2026-01-03 20:49:43,112 - INFO - Starting webhook server...
2026-01-03 20:49:48,593 - INFO - Starting webhook server...
2026-01-03 20:49:54,090 - INFO - Starting webhook server...
2026-01-03 20:49:59,585 - INFO - Starting webhook server...
2026-01-03 20:50:05,105 - INFO - Starting webhook server...
2026-01-03 20:50:10,583 - INFO - Starting webhook server...
2026-01-03 20:50:16,089 - INFO - Starting webhook server...
2026-01-03 20:50:21,577 - INFO - Starting webhook server...
2026-01-03 20:50:27,086 - INFO - Starting webhook server...
2026-01-03 20:50:32,580 - INFO - Starting webhook server...
2026-01-03 20:50:38,080 - INFO - Starting webhook server...
2026-01-03 20:50:43,592 - INFO - Starting webhook server...
2026-01-03 20:50:49,088 - INFO - Starting webhook server...
2026-01-03 20:50:54,583 - INFO - Starting webhook server...
2026-01-03 20:51:00,082 - INFO - Starting webhook server...
2026-01-03 20:51:05,578 - INFO - Starting webhook server...
2026-01-03 20:51:11,081 - INFO - Starting webhook server...
2026-01-03 20:51:16,427 - INFO - Starting webhook server...
2026-01-03 20:51:21,829 - INFO - Starting webhook server...
2026-01-03 20:51:27,331 - INFO - Starting webhook server...
2026-01-03 20:51:32,782 - INFO - Starting webhook server...
2026-01-03 20:51:38,080 - INFO - Starting webhook server...
2026-01-03 20:51:43,580 - INFO - Starting webhook server...
2026-01-03 20:51:49,084 - INFO - Starting webhook server...
2026-01-03 20:51:54,588 - INFO - Starting webhook server...
2026-01-03 20:52:00,094 - INFO - Starting webhook server...
2026-01-03 20:52:05,588 - INFO - Starting webhook server...
2026-01-03 20:52:11,085 - INFO - Starting webhook server...
2026-01-03 20:52:16,442 - INFO - Starting webhook server...
2026-01-03 20:52:21,856 - INFO - Starting webhook server...
2026-01-03 20:52:27,347 - INFO - Starting webhook server...
2026-01-03 20:52:32,844 - INFO - Starting webhook server...
2026-01-03 20:52:38,354 - INFO - Starting webhook server...
2026-01-03 20:52:43,843 - INFO - Starting webhook server...
2026-01-03 20:52:49,342 - INFO - Starting webhook server...
2026-01-03 20:52:54,837 - INFO - Starting webhook server...
2026-01-03 20:53:00,345 - INFO - Starting webhook server...
2026-01-03 20:53:05,837 - INFO - Starting webhook server...
2026-01-03 20:53:11,345 - INFO - Starting webhook server...
2026-01-03 20:53:16,846 - INFO - Starting webhook server...
2026-01-03 20:53:22,349 - INFO - Starting webhook server...
2026-01-03 20:53:27,843 - INFO - Starting webhook server...
2026-01-03 20:53:33,336 - INFO - Starting webhook server...
2026-01-03 20:53:38,831 - INFO - Starting webhook server...
2026-01-03 20:53:44,321 - INFO - Starting webhook server...
2026-01-03 20:53:49,831 - INFO - Starting webhook server...
2026-01-03 20:53:55,333 - INFO - Starting webhook server...
2026-01-03 20:54:00,836 - INFO - Starting webhook server...
2026-01-03 20:54:06,348 - INFO - Starting webhook server...
2026-01-03 20:54:11,841 - INFO - Starting webhook server...
2026-01-03 20:54:17,336 - INFO - Starting webhook server...
2026-01-03 20:54:22,932 - INFO - Starting webhook server...
2026-01-03 20:54:28,334 - INFO - Starting webhook server...
2026-01-03 20:54:33,830 - INFO - Starting webhook server...
2026-01-03 20:54:39,250 - INFO - Starting webhook server...
2026-01-03 20:54:44,584 - INFO - Starting webhook server...
2026-01-03 20:54:50,080 - INFO - Starting webhook server...
2026-01-03 20:54:55,580 - INFO - Starting webhook server...
2026-01-03 20:55:01,080 - INFO - Starting webhook server...
2026-01-03 20:55:06,584 - INFO - Starting webhook server...
2026-01-03 20:55:12,084 - INFO - Starting webhook server...
2026-01-03 20:55:17,584 - INFO - Starting webhook server...
2026-01-03 20:55:23,086 - INFO - Starting webhook server...
2026-01-03 20:55:28,588 - INFO - Starting webhook server...
2026-01-03 20:55:34,089 - INFO - Starting webhook server...
2026-01-03 20:55:39,588 - INFO - Starting webhook server...
2026-01-03 20:55:45,108 - INFO - Starting webhook server...
2026-01-03 20:55:50,597 - INFO - Starting webhook server...
2026-01-03 20:55:56,090 - INFO - Starting webhook server...
2026-01-03 20:56:01,581 - INFO - Starting webhook server...
2026-01-03 20:56:07,090 - INFO - Starting webhook server...
2026-01-03 20:56:12,588 - INFO - Starting webhook server...
2026-01-03 20:56:18,116 - INFO - Starting webhook server...
2026-01-03 20:56:23,425 - INFO - Starting webhook server...
2026-01-03 20:56:28,863 - INFO - Starting webhook server...
2026-01-03 20:56:34,343 - INFO - Starting webhook server...
2026-01-03 20:56:39,741 - INFO - Starting webhook server...
2026-01-03 20:56:45,095 - INFO - Starting webhook server...
2026-01-03 20:56:50,590 - INFO - Starting webhook server...
2026-01-03 20:56:56,085 - INFO - Starting webhook server...
2026-01-03 20:57:01,591 - INFO - Starting webhook server...
2026-01-03 20:57:07,104 - INFO - Starting webhook server...
2026-01-03 20:57:12,597 - INFO - Starting webhook server...
2026-01-03 20:57:18,089 - INFO - Starting webhook server...
2026-01-03 20:57:23,588 - INFO - Starting webhook server...
2026-01-03 20:57:29,079 - INFO - Starting webhook server...
2026-01-03 20:57:34,577 - INFO - Starting webhook server...
2026-01-03 20:57:40,083 - INFO - Starting webhook server...
2026-01-03 20:57:45,582 - INFO - Starting webhook server...
2026-01-03 20:57:51,080 - INFO - Starting webhook server...
2026-01-03 20:57:56,587 - INFO - Starting webhook server...
2026-01-03 20:58:02,093 - INFO - Starting webhook server...
2026-01-03 20:58:07,582 - INFO - Starting webhook server...
2026-01-03 20:58:13,088 - INFO - Starting webhook server...
2026-01-03 20:58:18,587 - INFO - Starting webhook server...
2026-01-03 20:58:24,082 - INFO - Starting webhook server...
2026-01-03 20:58:29,581 - INFO - Starting webhook server...
2026-01-03 20:58:35,082 - INFO - Starting webhook server...
2026-01-03 20:58:40,584 - INFO - Starting webhook server...
2026-01-03 20:58:46,021 - INFO - Starting webhook server...
2026-01-03 20:58:51,335 - INFO - Starting webhook server...
2026-01-03 20:58:56,638 - INFO - Starting webhook server...
2026-01-03 20:59:02,082 - INFO - Starting webhook server...
2026-01-03 20:59:07,590 - INFO - Starting webhook server...
2026-01-03 20:59:13,091 - INFO - Starting webhook server...
2026-01-03 20:59:18,581 - INFO - Starting webhook server...
2026-01-03 20:59:24,084 - INFO - Starting webhook server...
2026-01-03 20:59:29,580 - INFO - Starting webhook server...
2026-01-03 20:59:35,079 - INFO - Starting webhook server...
2026-01-03 20:59:40,525 - INFO - Starting webhook server...
2026-01-03 20:59:45,829 - INFO - Starting webhook server...
2026-01-03 20:59:51,329 - INFO - Starting webhook server...
2026-01-03 20:59:56,834 - INFO - Starting webhook server...
2026-01-03 21:00:02,328 - INFO - Starting webhook server...
2026-01-03 21:00:07,833 - INFO - Starting webhook server...
2026-01-03 21:00:13,330 - INFO - Starting webhook server...
2026-01-03 21:00:18,829 - INFO - Starting webhook server...
2026-01-03 21:00:24,334 - INFO - Starting webhook server...
2026-01-03 21:00:29,629 - INFO - Starting webhook server...
2026-01-03 21:00:35,077 - INFO - Starting webhook server...
2026-01-03 21:00:40,577 - INFO - Starting webhook server...
2026-01-03 21:00:46,090 - INFO - Starting webhook server...
2026-01-03 21:00:51,579 - INFO - Starting webhook server...
2026-01-03 21:00:57,076 - INFO - Starting webhook server...
2026-01-03 21:01:02,588 - INFO - Starting webhook server...
2026-01-03 21:01:08,078 - INFO - Starting webhook server...
2026-01-03 21:01:13,588 - INFO - Starting webhook server...
2026-01-03 21:01:19,086 - INFO - Starting webhook server...
2026-01-03 21:01:24,586 - INFO - Starting webhook server...
2026-01-03 21:01:30,083 - INFO - Starting webhook server...
2026-01-03 21:01:35,587 - INFO - Starting webhook server...
2026-01-03 21:01:41,083 - INFO - Starting webhook server...
2026-01-03 21:01:46,578 - INFO - Starting webhook server...
2026-01-03 21:01:52,084 - INFO - Starting webhook server...
2026-01-03 21:01:57,587 - INFO - Starting webhook server...
2026-01-03 21:02:03,077 - INFO - Starting webhook server...
2026-01-03 21:02:08,578 - INFO - Starting webhook server...
2026-01-03 21:02:14,087 - INFO - Starting webhook server...
2026-01-03 21:02:19,581 - INFO - Starting webhook server...
2026-01-03 21:02:25,084 - INFO - Starting webhook server...
2026-01-03 21:02:30,587 - INFO - Starting webhook server...
2026-01-03 21:02:36,076 - INFO - Starting webhook server...
2026-01-03 21:02:41,583 - INFO - Starting webhook server...
2026-01-03 21:02:47,082 - INFO - Starting webhook server...
2026-01-03 21:02:52,585 - INFO - Starting webhook server...
2026-01-03 21:02:58,077 - INFO - Starting webhook server...
2026-01-03 21:03:03,585 - INFO - Starting webhook server...
2026-01-03 21:03:09,079 - INFO - Starting webhook server...
2026-01-03 21:03:14,599 - INFO - Starting webhook server...
2026-01-03 21:03:20,091 - INFO - Starting webhook server...
2026-01-03 21:03:25,594 - INFO - Starting webhook server...
2026-01-03 21:03:31,085 - INFO - Starting webhook server...
2026-01-03 21:03:36,601 - INFO - Starting webhook server...
2026-01-03 21:03:42,089 - INFO - Starting webhook server...
2026-01-03 21:03:47,588 - INFO - Starting webhook server...
2026-01-03 21:03:53,098 - INFO - Starting webhook server...
2026-01-03 21:03:58,587 - INFO - Starting webhook server...
2026-01-03 21:04:04,095 - INFO - Starting webhook server...
2026-01-03 21:04:09,586 - INFO - Starting webhook server...
2026-01-03 21:04:15,084 - INFO - Starting webhook server...
2026-01-03 21:04:20,595 - INFO - Starting webhook server...
2026-01-03 21:04:26,094 - INFO - Starting webhook server...
2026-01-03 21:04:31,588 - INFO - Starting webhook server...
2026-01-03 21:04:36,911 - INFO - Starting webhook server...
2026-01-03 21:04:42,333 - INFO - Starting webhook server...
2026-01-03 21:04:47,844 - INFO - Starting webhook server...
2026-01-03 21:04:53,342 - INFO - Starting webhook server...
2026-01-03 21:04:58,841 - INFO - Starting webhook server...
2026-01-03 21:05:04,341 - INFO - Starting webhook server...
2026-01-03 21:05:09,666 - INFO - Starting webhook server...
2026-01-03 21:05:15,095 - INFO - Starting webhook server...
2026-01-03 21:05:20,591 - INFO - Starting webhook server...
2026-01-03 21:05:26,082 - INFO - Starting webhook server...
2026-01-03 21:05:31,579 - INFO - Starting webhook server...
2026-01-03 21:05:37,080 - INFO - Starting webhook server...
2026-01-03 21:05:42,585 - INFO - Starting webhook server...
2026-01-03 21:05:48,094 - INFO - Starting webhook server...
2026-01-03 21:05:53,588 - INFO - Starting webhook server...
2026-01-03 21:05:59,106 - INFO - Starting webhook server...
2026-01-03 21:06:04,599 - INFO - Starting webhook server...
2026-01-03 21:06:10,088 - INFO - Starting webhook server...
2026-01-03 21:06:15,603 - INFO - Starting webhook server...
2026-01-03 21:06:21,088 - INFO - Starting webhook server...
2026-01-03 21:06:26,588 - INFO - Starting webhook server...
2026-01-03 21:06:32,087 - INFO - Starting webhook server...
2026-01-03 21:06:37,581 - INFO - Starting webhook server...
2026-01-03 21:06:43,082 - INFO - Starting webhook server...
2026-01-03 21:06:48,582 - INFO - Starting webhook server...
2026-01-03 21:06:54,075 - INFO - Starting webhook server...
2026-01-03 21:06:59,578 - INFO - Starting webhook server...
2026-01-03 21:07:05,081 - INFO - Starting webhook server...
2026-01-03 21:07:10,579 - INFO - Starting webhook server...
2026-01-03 21:07:16,077 - INFO - Starting webhook server...
2026-01-03 21:07:21,585 - INFO - Starting webhook server...
2026-01-03 21:07:27,115 - INFO - Starting webhook server...
2026-01-03 21:07:32,594 - INFO - Starting webhook server...
2026-01-03 21:07:38,081 - INFO - Starting webhook server...
2026-01-03 21:07:43,406 - INFO - Starting webhook server...
2026-01-03 21:07:48,890 - INFO - Starting webhook server...
2026-01-03 21:07:54,328 - INFO - Starting webhook server...
2026-01-03 21:07:59,678 - INFO - Starting webhook server...
2026-01-03 21:08:05,083 - INFO - Starting webhook server...
2026-01-03 21:08:10,524 - INFO - Starting webhook server...
2026-01-03 21:08:15,843 - INFO - Starting webhook server...
2026-01-03 21:08:21,343 - INFO - Starting webhook server...
2026-01-03 21:08:26,841 - INFO - Starting webhook server...
2026-01-03 21:08:32,348 - INFO - Starting webhook server...
2026-01-03 21:08:37,840 - INFO - Starting webhook server...
2026-01-03 21:08:43,341 - INFO - Starting webhook server...
2026-01-03 21:08:48,866 - INFO - Starting webhook server...
2026-01-03 21:08:54,338 - INFO - Starting webhook server...
2026-01-03 21:08:59,687 - INFO - Starting webhook server...
2026-01-03 21:09:05,081 - INFO - Starting webhook server...
2026-01-03 21:09:10,584 - INFO - Starting webhook server...
2026-01-03 21:09:16,078 - INFO - Starting webhook server...
2026-01-03 21:09:21,585 - INFO - Starting webhook server...
2026-01-03 21:09:27,081 - INFO - Starting webhook server...
2026-01-03 21:09:32,587 - INFO - Starting webhook server...
2026-01-03 21:09:38,078 - INFO - Starting webhook server...
2026-01-03 21:09:43,585 - INFO - Starting webhook server...
2026-01-03 21:09:49,081 - INFO - Starting webhook server...
2026-01-03 21:09:54,580 - INFO - Starting webhook server...
2026-01-03 21:10:00,092 - INFO - Starting webhook server...
2026-01-03 21:10:05,588 - INFO - Starting webhook server...
2026-01-03 21:10:11,093 - INFO - Starting webhook server...
2026-01-03 21:10:16,582 - INFO - Starting webhook server...
2026-01-03 21:10:22,090 - INFO - Starting webhook server...
2026-01-03 21:10:27,592 - INFO - Starting webhook server...
2026-01-03 21:10:33,106 - INFO - Starting webhook server...
2026-01-03 21:10:38,594 - INFO - Starting webhook server...
2026-01-03 21:10:44,094 - INFO - Starting webhook server...
2026-01-03 21:10:49,592 - INFO - Starting webhook server...
2026-01-03 21:10:55,092 - INFO - Starting webhook server...
2026-01-03 21:11:00,608 - INFO - Starting webhook server...
2026-01-03 21:11:06,096 - INFO - Starting webhook server...
2026-01-03 21:11:11,593 - INFO - Starting webhook server...
2026-01-03 21:11:17,085 - INFO - Starting webhook server...
2026-01-03 21:11:22,577 - INFO - Starting webhook server...
2026-01-03 21:11:28,088 - INFO - Starting webhook server...
2026-01-03 21:11:33,579 - INFO - Starting webhook server...
2026-01-03 21:11:39,081 - INFO - Starting webhook server...
2026-01-03 21:11:44,586 - INFO - Starting webhook server...
2026-01-03 21:11:50,070 - INFO - Starting webhook server...
2026-01-03 21:11:55,584 - INFO - Starting webhook server...
2026-01-03 21:12:01,083 - INFO - Starting webhook server...
2026-01-03 21:12:06,580 - INFO - Starting webhook server...
2026-01-03 21:12:12,080 - INFO - Starting webhook server...
2026-01-03 21:12:17,599 - INFO - Starting webhook server...
2026-01-03 21:12:23,084 - INFO - Starting webhook server...
2026-01-03 21:12:28,583 - INFO - Starting webhook server...
2026-01-03 21:12:34,083 - INFO - Starting webhook server...
2026-01-03 21:12:39,585 - INFO - Starting webhook server...
2026-01-03 21:12:45,086 - INFO - Starting webhook server...
2026-01-03 21:12:50,595 - INFO - Starting webhook server...
2026-01-03 21:12:56,104 - INFO - Starting webhook server...
2026-01-03 21:13:01,595 - INFO - Starting webhook server...
2026-01-03 21:13:07,086 - INFO - Starting webhook server...
2026-01-03 21:13:12,582 - INFO - Starting webhook server...
2026-01-03 21:13:18,095 - INFO - Starting webhook server...
2026-01-03 21:13:23,591 - INFO - Starting webhook server...
2026-01-03 21:13:29,100 - INFO - Starting webhook server...
2026-01-03 21:13:34,598 - INFO - Starting webhook server...
2026-01-03 21:13:40,098 - INFO - Starting webhook server...
2026-01-03 21:13:45,638 - INFO - Starting webhook server...
2026-01-03 21:13:51,086 - INFO - Starting webhook server...
2026-01-03 21:13:56,585 - INFO - Starting webhook server...
2026-01-03 21:14:02,086 - INFO - Starting webhook server...
2026-01-03 21:14:07,541 - INFO - Starting webhook server...
2026-01-03 21:14:12,829 - INFO - Starting webhook server...
2026-01-03 21:14:18,327 - INFO - Starting webhook server...
2026-01-03 21:14:23,833 - INFO - Starting webhook server...
2026-01-03 21:14:29,335 - INFO - Starting webhook server...
2026-01-03 21:14:34,831 - INFO - Starting webhook server...
2026-01-03 21:14:40,331 - INFO - Starting webhook server...
2026-01-03 21:14:45,830 - INFO - Starting webhook server...
2026-01-03 21:14:51,336 - INFO - Starting webhook server...
2026-01-03 21:14:56,809 - INFO - Starting webhook server...
2026-01-03 21:15:02,329 - INFO - Starting webhook server...
2026-01-03 21:15:07,825 - INFO - Starting webhook server...
2026-01-03 21:15:13,328 - INFO - Starting webhook server...
2026-01-03 21:15:18,835 - INFO - Starting webhook server...
2026-01-03 21:15:24,330 - INFO - Starting webhook server...
2026-01-03 21:15:29,724 - INFO - Starting webhook server...
2026-01-03 21:15:35,081 - INFO - Starting webhook server...
2026-01-03 21:15:40,412 - INFO - Starting webhook server...
2026-01-03 21:15:45,827 - INFO - Starting webhook server...
2026-01-03 21:15:51,330 - INFO - Starting webhook server...
2026-01-03 21:15:56,854 - INFO - Starting webhook server...
2026-01-03 21:16:02,328 - INFO - Starting webhook server...
2026-01-03 21:16:07,829 - INFO - Starting webhook server...
2026-01-03 21:16:13,327 - INFO - Starting webhook server...
2026-01-03 21:16:18,827 - INFO - Starting webhook server...
2026-01-03 21:16:24,330 - INFO - Starting webhook server...
2026-01-03 21:16:29,733 - INFO - Starting webhook server...
2026-01-03 21:16:35,099 - INFO - Starting webhook server...
2026-01-03 21:16:40,590 - INFO - Starting webhook server...
2026-01-03 21:16:46,091 - INFO - Starting webhook server...
2026-01-03 21:16:51,593 - INFO - Starting webhook server...
2026-01-03 21:16:57,088 - INFO - Starting webhook server...
2026-01-03 21:17:02,588 - INFO - Starting webhook server...
2026-01-03 21:17:08,080 - INFO - Starting webhook server...
2026-01-03 21:17:13,592 - INFO - Starting webhook server...
2026-01-03 21:17:19,096 - INFO - Starting webhook server...
2026-01-03 21:17:24,582 - INFO - Starting webhook server...
2026-01-03 21:17:30,076 - INFO - Starting webhook server...
2026-01-03 21:17:35,586 - INFO - Starting webhook server...
2026-01-03 21:17:41,085 - INFO - Starting webhook server...
2026-01-03 21:17:46,582 - INFO - Starting webhook server...
2026-01-03 21:17:52,079 - INFO - Starting webhook server...
2026-01-03 21:17:57,577 - INFO - Starting webhook server...
2026-01-03 21:18:03,088 - INFO - Starting webhook server...
2026-01-03 21:18:08,576 - INFO - Starting webhook server...
2026-01-03 21:18:13,884 - INFO - Starting webhook server...
2026-01-03 21:18:19,328 - INFO - Starting webhook server...
2026-01-03 21:18:24,824 - INFO - Starting webhook server...
2026-01-03 21:18:30,331 - INFO - Starting webhook server...
2026-01-03 21:18:35,831 - INFO - Starting webhook server...
2026-01-03 21:18:41,330 - INFO - Starting webhook server...
2026-01-03 21:18:46,829 - INFO - Starting webhook server...
2026-01-03 21:18:52,332 - INFO - Starting webhook server...
2026-01-03 21:18:57,774 - INFO - Starting webhook server...
2026-01-03 21:19:03,087 - INFO - Starting webhook server...
2026-01-03 21:19:08,607 - INFO - Starting webhook server...
2026-01-03 21:19:13,914 - INFO - Starting webhook server...
2026-01-03 21:19:19,338 - INFO - Starting webhook server...
2026-01-03 21:19:24,826 - INFO - Starting webhook server...
2026-01-03 21:19:30,327 - INFO - Starting webhook server...
2026-01-03 21:19:35,691 - INFO - Starting webhook server...
2026-01-03 21:19:41,085 - INFO - Starting webhook server...
2026-01-03 21:19:46,585 - INFO - Starting webhook server...
2026-01-03 21:19:52,079 - INFO - Starting webhook server...
2026-01-03 21:19:57,582 - INFO - Starting webhook server...
2026-01-03 21:20:03,078 - INFO - Starting webhook server...
2026-01-03 21:20:08,435 - INFO - Starting webhook server...
2026-01-03 21:20:13,843 - INFO - Starting webhook server...
2026-01-03 21:20:19,187 - INFO - Starting webhook server...
2026-01-03 21:20:24,588 - INFO - Starting webhook server...
2026-01-03 21:20:30,089 - INFO - Starting webhook server...
2026-01-03 21:20:35,588 - INFO - Starting webhook server...
2026-01-03 21:20:41,099 - INFO - Starting webhook server...
2026-01-03 21:20:46,583 - INFO - Starting webhook server...
2026-01-03 21:20:52,093 - INFO - Starting webhook server...
2026-01-03 21:20:57,623 - INFO - Starting webhook server...
2026-01-03 21:21:03,092 - INFO - Starting webhook server...
2026-01-03 21:21:08,590 - INFO - Starting webhook server...
2026-01-03 21:21:14,173 - INFO - Starting webhook server...
2026-01-03 21:21:19,594 - INFO - Starting webhook server...
2026-01-03 21:21:25,093 - INFO - Starting webhook server...
2026-01-03 21:21:30,538 - INFO - Starting webhook server...
2026-01-03 21:21:35,833 - INFO - Starting webhook server...
2026-01-03 21:21:41,138 - INFO - Starting webhook server...
2026-01-03 21:21:46,581 - INFO - Starting webhook server...
2026-01-03 21:21:52,107 - INFO - Starting webhook server...
2026-01-03 21:21:57,595 - INFO - Starting webhook server...
2026-01-03 21:22:03,094 - INFO - Starting webhook server...
2026-01-03 21:22:08,601 - INFO - Starting webhook server...
2026-01-03 21:22:14,020 - INFO - Starting webhook server...
2026-01-03 21:22:19,357 - INFO - Starting webhook server...
2026-01-03 21:22:21,858 - INFO - Deploying commit: 3bbf0da by XelaG155
2026-01-03 21:22:22,066 - INFO - Telegram notification sent
2026-01-03 21:22:22,068 - INFO - Pulling latest code...
2026-01-03 21:22:23,981 - INFO - Telegram notification sent
2026-01-03 21:22:24,175 - INFO - Telegram notification sent
2026-01-03 21:22:24,176 - INFO - Stopping PM2 services...
2026-01-03 21:22:24,533 - INFO - Updating backend dependencies...
2026-01-03 21:22:24,845 - INFO - Starting webhook server...
2026-01-03 21:22:26,693 - INFO - Running database migrations...
2026-01-03 21:22:27,266 - INFO - Building frontend...
2026-01-03 21:22:30,344 - INFO - Starting webhook server...
2026-01-03 21:22:35,855 - INFO - Starting webhook server...
2026-01-03 21:22:41,343 - INFO - Starting webhook server...
2026-01-03 21:22:46,865 - INFO - Starting webhook server...
2026-01-03 21:22:51,296 - INFO - Telegram notification sent
2026-01-03 21:22:51,297 - INFO - Restarting PM2 services...
2026-01-03 21:22:51,684 - INFO - Telegram notification sent
2026-01-03 21:22:51,686 - ERROR - Deployment failed: git pull: OK
pip install: OK
alembic: OK
npm build: OK
pm2 backend: FAILED
2026-01-03 21:22:51,687 - INFO - 127.0.0.1 - - [03/Jan/2026 21:22:51] "[35m[1mPOST /webhook HTTP/1.1[0m" 500 -
2026-01-03 21:22:52,451 - INFO - Starting webhook server...
2026-01-03 21:22:57,829 - INFO - Starting webhook server...
2026-01-03 21:23:03,400 - INFO - Starting webhook server...
2026-01-03 21:23:08,746 - INFO - Starting webhook server...
2026-01-03 21:23:14,090 - INFO - Starting webhook server...
2026-01-03 21:23:19,586 - INFO - Starting webhook server...
2026-01-03 21:23:25,096 - INFO - Starting webhook server...
2026-01-03 21:23:30,586 - INFO - Starting webhook server...
2026-01-03 21:23:36,080 - INFO - Starting webhook server...
2026-01-03 21:23:41,589 - INFO - Starting webhook server...
2026-01-03 21:23:47,091 - INFO - Starting webhook server...
2026-01-03 21:23:52,606 - INFO - Starting webhook server...
2026-01-03 21:23:58,085 - INFO - Starting webhook server...
2026-01-03 21:24:03,508 - INFO - Starting webhook server...
2026-01-03 21:24:08,835 - INFO - Starting webhook server...
2026-01-03 21:24:14,347 - INFO - Starting webhook server...
2026-01-03 21:24:19,776 - INFO - Starting webhook server...
2026-01-03 21:24:25,090 - INFO - Starting webhook server...
2026-01-03 21:24:30,592 - INFO - Starting webhook server...
2026-01-03 21:24:36,093 - INFO - Starting webhook server...
2026-01-03 21:24:41,592 - INFO - Starting webhook server...
2026-01-03 21:24:47,082 - INFO - Starting webhook server...
2026-01-03 21:24:52,596 - INFO - Starting webhook server...
2026-01-03 21:24:58,095 - INFO - Starting webhook server...
2026-01-03 21:25:03,601 - INFO - Starting webhook server...
2026-01-03 21:25:09,093 - INFO - Starting webhook server...
2026-01-03 21:25:14,448 - INFO - Starting webhook server...
2026-01-03 21:25:19,784 - INFO - Starting webhook server...
2026-01-03 21:25:25,103 - INFO - Starting webhook server...
2026-01-03 21:25:25,106 - INFO - [31m[1mWARNING: This is a development server. Do not use it in a production deployment. Use a production WSGI server instead.[0m
 * Running on http://127.0.0.1:9002
2026-01-03 21:25:25,106 - INFO - [33mPress CTRL+C to quit[0m
2026-01-03 21:25:34,772 - INFO - Starting webhook server...
2026-01-03 21:25:36,631 - INFO - 127.0.0.1 - - [03/Jan/2026 21:25:36] "GET /webhook/health HTTP/1.1" 200 -
2026-01-03 21:25:46,243 - WARNING - Invalid webhook signature
2026-01-03 21:25:46,243 - INFO - 127.0.0.1 - - [03/Jan/2026 21:25:46] "[31m[1mPOST /webhook HTTP/1.1[0m" 401 -
2026-01-03 21:26:32,858 - INFO - Starting webhook server...
2026-01-03 21:26:32,862 - INFO - [31m[1mWARNING: This is a development server. Do not use it in a production deployment. Use a production WSGI server instead.[0m
 * Running on http://127.0.0.1:9002
2026-01-03 21:26:32,862 - INFO - [33mPress CTRL+C to quit[0m
2026-01-03 21:26:44,830 - INFO - Starting webhook server...
2026-01-03 21:26:50,200 - WARNING - Invalid webhook signature
2026-01-03 21:26:50,200 - INFO - 127.0.0.1 - - [03/Jan/2026 21:26:50] "[31m[1mPOST /webhook HTTP/1.1[0m" 401 -
2026-01-03 21:26:55,536 - INFO - Starting webhook server...
2026-01-03 21:27:04,506 - INFO - Starting webhook server...
2026-01-03 21:27:04,509 - INFO - [31m[1mWARNING: This is a development server. Do not use it in a production deployment. Use a production WSGI server instead.[0m
 * Running on http://127.0.0.1:9002
2026-01-03 21:27:04,509 - INFO - [33mPress CTRL+C to quit[0m
2026-01-03 21:27:06,344 - INFO - 127.0.0.1 - - [03/Jan/2026 21:27:06] "GET /webhook/health HTTP/1.1" 200 -
2026-01-03 21:27:07,590 - INFO - Starting webhook server...
2026-01-03 21:27:13,090 - INFO - Starting webhook server...
2026-01-03 21:27:15,042 - INFO - Deploying commit: a1f7b0e by XelaG155
2026-01-03 21:27:15,230 - INFO - Telegram notification sent
2026-01-03 21:27:15,231 - INFO - Pulling latest code...
2026-01-03 21:27:17,011 - INFO - Telegram notification sent
2026-01-03 21:27:17,204 - INFO - Telegram notification sent
2026-01-03 21:27:17,205 - INFO - Building Docker containers...
2026-01-03 21:27:17,484 - INFO - Telegram notification sent
2026-01-03 21:27:17,691 - INFO - Telegram notification sent
2026-01-03 21:27:17,692 - ERROR - Deployment failed: git pull: OK
docker build: FAILED
2026-01-03 21:27:17,693 - INFO - 127.0.0.1 - - [03/Jan/2026 21:27:17] "[35m[1mPOST /webhook HTTP/1.1[0m" 500 -
2026-01-03 21:27:18,590 - INFO - Starting webhook server...
2026-01-03 21:27:24,092 - INFO - Starting webhook server...
2026-01-03 21:27:29,583 - INFO - Starting webhook server...
2026-01-03 21:27:35,093 - INFO - Starting webhook server...
2026-01-03 21:27:40,525 - INFO - Starting webhook server...
2026-01-03 21:27:45,945 - INFO - Starting webhook server...
2026-01-03 21:27:51,332 - INFO - Starting webhook server...
2026-01-03 21:27:56,843 - INFO - Starting webhook server...
2026-01-03 21:28:02,338 - INFO - Starting webhook server...
2026-01-03 21:28:07,829 - INFO - Starting webhook server...
2026-01-03 21:28:13,335 - INFO - Starting webhook server...
2026-01-03 21:28:18,865 - INFO - Starting webhook server...
2026-01-03 21:28:24,346 - INFO - Starting webhook server...
2026-01-03 21:28:24,350 - INFO - [31m[1mWARNING: This is a development server. Do not use it in a production deployment. Use a production WSGI server instead.[0m
 * Running on http://127.0.0.1:9002
2026-01-03 21:28:24,350 - INFO - [33mPress CTRL+C to quit[0m
2026-01-03 21:28:26,502 - INFO - Starting webhook server...
2026-01-03 21:28:28,320 - INFO - 127.0.0.1 - - [03/Jan/2026 21:28:28] "GET /webhook/health HTTP/1.1" 200 -
2026-01-03 21:28:36,470 - WARNING - Invalid webhook signature
2026-01-03 21:28:36,470 - INFO - 127.0.0.1 - - [03/Jan/2026 21:28:36] "[31m[1mPOST /webhook HTTP/1.1[0m" 401 -
2026-01-03 21:29:50,954 - INFO - Starting webhook server...
2026-01-03 21:29:50,957 - INFO - [31m[1mWARNING: This is a development server. Do not use it in a production deployment. Use a production WSGI server instead.[0m
 * Running on http://127.0.0.1:9002
2026-01-03 21:29:50,958 - INFO - [33mPress CTRL+C to quit[0m
2026-01-03 21:29:52,753 - INFO - 127.0.0.1 - - [03/Jan/2026 21:29:52] "GET /webhook/health HTTP/1.1" 200 -
2026-01-03 21:29:55,092 - INFO - Starting webhook server...
2026-01-03 21:30:00,580 - INFO - Starting webhook server...
2026-01-03 21:30:06,094 - INFO - Starting webhook server...
2026-01-03 21:30:11,581 - INFO - Starting webhook server...
2026-01-03 21:30:17,083 - INFO - Starting webhook server...
2026-01-03 21:30:22,464 - INFO - Starting webhook server...
2026-01-03 21:30:27,815 - INFO - Starting webhook server...
2026-01-03 21:30:33,333 - INFO - Starting webhook server...
2026-01-03 21:30:38,841 - INFO - Starting webhook server...
2026-01-03 21:30:44,340 - INFO - Starting webhook server...
2026-01-03 21:30:49,817 - INFO - Starting webhook server...
2026-01-03 21:30:55,340 - INFO - Starting webhook server...
2026-01-03 21:31:00,849 - INFO - Starting webhook server...
2026-01-03 21:31:06,340 - INFO - Starting webhook server...
2026-01-03 21:31:11,836 - INFO - Starting webhook server...
2026-01-03 21:31:17,337 - INFO - Starting webhook server...
2026-01-03 21:31:22,846 - INFO - Starting webhook server...
2026-01-03 21:31:28,328 - INFO - Starting webhook server...
2026-01-03 21:31:33,838 - INFO - Starting webhook server...
2026-01-03 21:31:39,346 - INFO - Starting webhook server...
2026-01-03 21:31:44,832 - INFO - Starting webhook server...
2026-01-03 21:31:45,086 - INFO - Deploying commit: c232d84 by XelaG155
2026-01-03 21:31:45,278 - INFO - Telegram notification sent
2026-01-03 21:31:45,279 - INFO - Pulling latest code...
2026-01-03 21:31:47,097 - INFO - Telegram notification sent
2026-01-03 21:31:47,336 - INFO - Telegram notification sent
2026-01-03 21:31:47,337 - INFO - Building Docker containers...
2026-01-03 21:31:50,331 - INFO - Starting webhook server...
2026-01-03 21:31:55,837 - INFO - Starting webhook server...
2026-01-03 21:32:01,350 - INFO - Starting webhook server...
2026-01-03 21:32:06,841 - INFO - Starting webhook server...
2026-01-03 21:32:12,349 - INFO - Starting webhook server...
2026-01-03 21:32:17,832 - INFO - Starting webhook server...
2026-01-03 21:32:23,344 - INFO - Starting webhook server...
2026-01-03 21:32:28,853 - INFO - Starting webhook server...
2026-01-03 21:32:34,345 - INFO - Starting webhook server...
2026-01-03 21:32:39,832 - INFO - Starting webhook server...
2026-01-03 21:32:45,339 - INFO - Starting webhook server...
2026-01-03 21:32:50,830 - INFO - Starting webhook server...
2026-01-03 21:32:56,337 - INFO - Starting webhook server...
2026-01-03 21:33:01,862 - INFO - Starting webhook server...
2026-01-03 21:33:07,329 - INFO - Starting webhook server...
2026-01-03 21:33:12,840 - INFO - Starting webhook server...
2026-01-03 21:33:18,330 - INFO - Starting webhook server...
2026-01-03 21:33:23,837 - INFO - Starting webhook server...
2026-01-03 21:33:29,342 - INFO - Starting webhook server...
2026-01-03 21:33:34,844 - INFO - Starting webhook server...
2026-01-03 21:33:40,349 - INFO - Starting webhook server...
2026-01-03 21:33:45,840 - INFO - Starting webhook server...
2026-01-03 21:33:51,345 - INFO - Starting webhook server...
2026-01-03 21:33:56,852 - INFO - Starting webhook server...
2026-01-03 21:34:02,368 - INFO - Starting webhook server...
2026-01-03 21:34:07,847 - INFO - Starting webhook server...
2026-01-03 21:34:13,349 - INFO - Starting webhook server...
2026-01-03 21:34:18,845 - INFO - Starting webhook server...
2026-01-03 21:34:24,352 - INFO - Starting webhook server...
2026-01-03 21:34:29,847 - INFO - Starting webhook server...
2026-01-03 21:34:35,345 - INFO - Starting webhook server...
2026-01-03 21:34:41,001 - INFO - Starting webhook server...
2026-01-03 21:34:46,571 - INFO - Starting webhook server...
2026-01-03 21:34:48,756 - INFO - Starting webhook server...
2026-01-03 21:34:48,762 - INFO - [31m[1mWARNING: This is a development server. Do not use it in a production deployment. Use a production WSGI server instead.[0m
 * Running on http://127.0.0.1:9002
2026-01-03 21:34:48,762 - INFO - [33mPress CTRL+C to quit[0m
2026-01-03 21:34:50,484 - INFO - 127.0.0.1 - - [03/Jan/2026 21:34:50] "GET /webhook/health HTTP/1.1" 200 -
2026-01-03 21:34:52,092 - INFO - Starting webhook server...
2026-01-03 21:34:58,004 - INFO - Starting webhook server...
2026-01-03 21:34:58,100 - INFO - Starting deployment for commit: 2079394 by XelaG155
2026-01-03 21:34:58,102 - INFO - 127.0.0.1 - - [03/Jan/2026 21:34:58] "[35m[1mPOST /webhook HTTP/1.1[0m" 202 -
2026-01-03 21:34:58,367 - INFO - Telegram notification sent
2026-01-03 21:34:58,369 - INFO - Pulling latest code...
2026-01-03 21:35:00,149 - INFO - Telegram notification sent
2026-01-03 21:35:00,391 - INFO - Telegram notification sent
2026-01-03 21:35:00,393 - INFO - Building Docker containers...
2026-01-03 21:35:03,501 - INFO - Starting webhook server...
2026-01-03 21:35:08,932 - INFO - Starting webhook server...
2026-01-03 21:35:14,358 - INFO - Starting webhook server...
2026-01-03 21:35:19,849 - INFO - Starting webhook server...
2026-01-03 21:35:25,156 - INFO - Starting webhook server...
2026-01-03 21:35:30,594 - INFO - Starting webhook server...
2026-01-03 21:35:36,097 - INFO - Starting webhook server...
2026-01-03 21:35:41,598 - INFO - Starting webhook server...
2026-01-03 21:35:47,090 - INFO - Starting webhook server...
2026-01-03 21:35:52,596 - INFO - Starting webhook server...
2026-01-03 21:35:58,096 - INFO - Starting webhook server...
2026-01-03 21:36:03,592 - INFO - Starting webhook server...
2026-01-03 21:36:09,094 - INFO - Starting webhook server...
2026-01-03 21:36:14,594 - INFO - Starting webhook server...
2026-01-03 21:36:20,088 - INFO - Starting webhook server...
2026-01-03 21:36:25,591 - INFO - Starting webhook server...
2026-01-03 21:36:31,098 - INFO - Starting webhook server...
2026-01-03 21:36:36,605 - INFO - Starting webhook server...
2026-01-03 21:36:42,093 - INFO - Starting webhook server...
2026-01-03 21:36:47,591 - INFO - Starting webhook server...
2026-01-03 21:36:53,112 - INFO - Starting webhook server...
2026-01-03 21:36:58,619 - INFO - Starting webhook server...
2026-01-03 21:37:04,111 - INFO - Starting webhook server...
2026-01-03 21:37:09,588 - INFO - Starting webhook server...
2026-01-03 21:37:15,100 - INFO - Starting webhook server...
2026-01-03 21:37:20,622 - INFO - Starting webhook server...
2026-01-03 21:37:26,815 - INFO - Starting webhook server...
2026-01-03 21:37:32,366 - INFO - Starting webhook server...
2026-01-03 21:37:37,854 - INFO - Starting webhook server...
2026-01-03 21:37:43,347 - INFO - Starting webhook server...
2026-01-03 21:37:48,855 - INFO - Starting webhook server...
2026-01-03 21:37:54,372 - INFO - Starting webhook server...
2026-01-03 21:38:00,040 - INFO - Starting webhook server...
2026-01-03 21:38:05,699 - INFO - Starting webhook server...
2026-01-03 21:38:11,193 - INFO - Starting webhook server...
2026-01-03 21:38:16,723 - INFO - Starting webhook server...
2026-01-03 21:38:22,312 - INFO - Starting webhook server...
2026-01-03 21:38:27,887 - INFO - Starting webhook server...
2026-01-03 21:38:33,333 - INFO - Starting webhook server...
2026-01-03 21:38:38,836 - INFO - Starting webhook server...
2026-01-03 21:38:44,339 - INFO - Starting webhook server...
2026-01-03 21:38:49,833 - INFO - Starting webhook server...
2026-01-03 21:38:53,385 - INFO - Telegram notification sent
2026-01-03 21:38:53,387 - INFO - Restarting Docker containers...
2026-01-03 21:38:55,338 - INFO - Starting webhook server...
2026-01-03 21:39:00,850 - INFO - Starting webhook server...
2026-01-03 21:39:06,213 - INFO - Starting webhook server...
2026-01-03 21:39:09,672 - INFO - Telegram notification sent
2026-01-03 21:39:09,673 - ERROR - Deployment failed: git pull: OK
docker build: OK
docker up: FAILED
2026-01-03 21:39:11,590 - INFO - Starting webhook server...
2026-01-03 21:39:17,084 - INFO - Starting webhook server...
2026-01-03 21:39:22,584 - INFO - Starting webhook server...
2026-01-03 21:39:28,104 - INFO - Starting webhook server...
2026-01-03 21:39:33,583 - INFO - Starting webhook server...
2026-01-03 21:39:39,092 - INFO - Starting webhook server...
2026-01-03 21:39:44,584 - INFO - Starting webhook server...
2026-01-03 21:39:50,039 - INFO - Starting webhook server...
2026-01-03 21:39:55,578 - INFO - Starting webhook server...
2026-01-03 21:40:01,082 - INFO - Starting webhook server...
2026-01-03 21:40:06,587 - INFO - Starting webhook server...
2026-01-03 21:40:12,081 - INFO - Starting webhook server...
2026-01-03 21:40:17,577 - INFO - Starting webhook server...
2026-01-03 21:40:23,077 - INFO - Starting webhook server...
2026-01-03 21:40:28,579 - INFO - Starting webhook server...
2026-01-03 21:40:34,089 - INFO - Starting webhook server...
2026-01-03 21:40:39,580 - INFO - Starting webhook server...
2026-01-03 21:40:45,095 - INFO - Starting webhook server...
2026-01-03 21:40:50,574 - INFO - Starting webhook server...
2026-01-03 21:40:56,079 - INFO - Starting webhook server...
2026-01-03 21:41:01,595 - INFO - Starting webhook server...
2026-01-03 21:41:07,090 - INFO - Starting webhook server...
2026-01-03 21:41:12,407 - INFO - Starting webhook server...
2026-01-03 21:41:17,842 - INFO - Starting webhook server...
2026-01-03 21:41:23,202 - INFO - Starting webhook server...
2026-01-03 21:41:28,592 - INFO - Starting webhook server...
2026-01-03 21:41:34,086 - INFO - Starting webhook server...
2026-01-03 21:41:34,099 - INFO - [31m[1mWARNING: This is a development server. Do not use it in a production deployment. Use a production WSGI server instead.[0m
 * Running on http://127.0.0.1:9002
2026-01-03 21:41:34,100 - INFO - [33mPress CTRL+C to quit[0m
2026-01-03 21:41:34,564 - INFO - Starting webhook server...
2026-01-03 21:41:36,439 - INFO - 127.0.0.1 - - [03/Jan/2026 21:41:36] "GET /webhook/health HTTP/1.1" 200 -
